<?xml version="1.0" encoding="UTF-8"?>
<!-- Generated by org.testng.reporters.JUnitXMLReporter -->
<testsuite ignored="0" hostname="DESKTOP-J85UCS0" failures="0" tests="2" name="Surefire test" time="14.417" errors="0" timestamp="2024-02-13T14:38:42 IST">
  <testcase classname="dev.selenium.tests.workflow.LoginWorkflowTests" name="loginTest" time="7.236"/>
  <testcase classname="dev.selenium.tests.workflow.LoginWorkflowTests" name="invalidLoginTest" time="1.85"/>
</testsuite> <!-- Surefire test -->
