<?xml version="1.0" encoding="UTF-8"?>
<testng-results ignored="0" total="2" passed="2" failed="0" skipped="0">
  <reporter-output>
  </reporter-output>
  <suite started-at="2024-02-13T14:38:28 IST" name="Surefire suite" finished-at="2024-02-13T14:38:42 IST" duration-ms="14417">
    <groups>
    </groups>
    <test started-at="2024-02-13T14:38:28 IST" name="Surefire test" finished-at="2024-02-13T14:38:42 IST" duration-ms="14417">
      <class name="dev.selenium.tests.workflow.LoginWorkflowTests">
        <test-method is-config="true" signature="Setup()[pri:0, instance:dev.selenium.tests.workflow.LoginWorkflowTests@279fedbd]" started-at="2024-02-13T14:38:28 IST" name="Setup" finished-at="2024-02-13T14:38:33 IST" duration-ms="4714" status="PASS">
          <reporter-output>
          </reporter-output>
        </test-method> <!-- Setup -->
        <test-method signature="loginTest()[pri:0, instance:dev.selenium.tests.workflow.LoginWorkflowTests@279fedbd]" started-at="2024-02-13T14:38:33 IST" name="loginTest" finished-at="2024-02-13T14:38:40 IST" duration-ms="7236" status="PASS">
          <reporter-output>
          </reporter-output>
        </test-method> <!-- loginTest -->
        <test-method signature="invalidLoginTest()[pri:1, instance:dev.selenium.tests.workflow.LoginWorkflowTests@279fedbd]" started-at="2024-02-13T14:38:40 IST" name="invalidLoginTest" finished-at="2024-02-13T14:38:42 IST" duration-ms="1850" status="PASS">
          <reporter-output>
          </reporter-output>
        </test-method> <!-- invalidLoginTest -->
        <test-method is-config="true" signature="teardown()[pri:0, instance:dev.selenium.tests.workflow.LoginWorkflowTests@279fedbd]" started-at="2024-02-13T14:38:42 IST" name="teardown" finished-at="2024-02-13T14:38:42 IST" duration-ms="591" status="PASS">
          <reporter-output>
          </reporter-output>
        </test-method> <!-- teardown -->
      </class> <!-- dev.selenium.tests.workflow.LoginWorkflowTests -->
    </test> <!-- Surefire test -->
  </suite> <!-- Surefire suite -->
</testng-results>
